[ 2015-04-06T16:03:56+08:00 ] 123.96.187.5 /favicon.ico
INFO: [ app_init ] --START--
INFO: Run Behavior\BuildLiteBehavior [ RunTime:0.000018s ]
INFO: [ app_init ] --END-- [ RunTime:0.001081s ]
ERR: 无法加载模块:Favicon

[ 2015-04-06T16:06:56+08:00 ] 123.96.187.5 /games/yuanxiao/has_count.php?yuanxiao_id=&openid=ohYmrs_JuOl214qIrJBN5AXJZwO4&type=0
INFO: [ app_init ] --START--
INFO: Run Behavior\BuildLiteBehavior [ RunTime:0.000013s ]
INFO: [ app_init ] --END-- [ RunTime:0.000286s ]
ERR: 无法加载模块:Games

[ 2015-04-06T16:07:35+08:00 ] 123.96.187.5 /games/yuanxiao/has_count.php?yuanxiao_id=&openid=ohYmrs_JuOl214qIrJBN5AXJZwO4&type=0
INFO: [ app_init ] --START--
INFO: Run Behavior\BuildLiteBehavior [ RunTime:0.000015s ]
INFO: [ app_init ] --END-- [ RunTime:0.000292s ]
ERR: 无法加载模块:Games

[ 2015-04-06T16:07:49+08:00 ] 123.96.187.5 /games/yuanxiao/has_count.php?yuanxiao_id=&openid=ohYmrs_JuOl214qIrJBN5AXJZwO4&type=0
INFO: [ app_init ] --START--
INFO: Run Behavior\BuildLiteBehavior [ RunTime:0.000015s ]
INFO: [ app_init ] --END-- [ RunTime:0.000275s ]
ERR: 无法加载模块:Games

[ 2015-04-06T16:08:05+08:00 ] 123.96.187.5 /games/yuanxiao/has_count.php?yuanxiao_id=&openid=ohYmrs_JuOl214qIrJBN5AXJZwO4&type=0
INFO: [ app_init ] --START--
INFO: Run Behavior\BuildLiteBehavior [ RunTime:0.000014s ]
INFO: [ app_init ] --END-- [ RunTime:0.000273s ]
ERR: 无法加载模块:Games

