[ 2015-04-30T07:47:59+08:00 ] 123.158.69.239 /index.php?s=/PKGame/PKGameApi/newvote
INFO: [ app_init ] --START--
INFO: Run Behavior\BuildLiteBehavior [ RunTime:0.000022s ]
INFO: [ app_init ] --END-- [ RunTime:0.001401s ]
INFO: [ app_begin ] --START--
INFO: Run Behavior\ReadHtmlCacheBehavior [ RunTime:0.001298s ]
INFO: [ app_begin ] --END-- [ RunTime:0.001356s ]
SQL: SHOW COLUMNS FROM `xiaohua_users` [ RunTime:0.1354s ]
SQL: SELECT * FROM `xiaohua_users` WHERE ( sex=0 ) ORDER BY rand() LIMIT 2   [ RunTime:0.0384s ]
INFO: [ app_end ] --START--
INFO: Run Behavior\ShowPageTraceBehavior [ RunTime:0.001296s ]
INFO: [ app_end ] --END-- [ RunTime:0.001358s ]

[ 2015-04-30T07:48:09+08:00 ] 123.158.69.239 /index.php?s=/PKGame/PKGameApi/vote
INFO: [ app_init ] --START--
INFO: Run Behavior\BuildLiteBehavior [ RunTime:0.000013s ]
INFO: [ app_init ] --END-- [ RunTime:0.000273s ]
INFO: [ app_begin ] --START--
INFO: Run Behavior\ReadHtmlCacheBehavior [ RunTime:0.000328s ]
INFO: [ app_begin ] --END-- [ RunTime:0.000380s ]
INFO: [ app_end ] --START--
INFO: Run Behavior\ShowPageTraceBehavior [ RunTime:0.000342s ]
INFO: [ app_end ] --END-- [ RunTime:0.000396s ]

[ 2015-04-30T07:48:09+08:00 ] 123.158.69.239 /index.php?s=/PKGame/PKGameApi/newvote
INFO: [ app_init ] --START--
INFO: Run Behavior\BuildLiteBehavior [ RunTime:0.000017s ]
INFO: [ app_init ] --END-- [ RunTime:0.000264s ]
INFO: [ app_begin ] --START--
INFO: Run Behavior\ReadHtmlCacheBehavior [ RunTime:0.000310s ]
INFO: [ app_begin ] --END-- [ RunTime:0.000361s ]
SQL: SHOW COLUMNS FROM `xiaohua_users` [ RunTime:0.0007s ]
SQL: SELECT * FROM `xiaohua_users` WHERE ( sex=0 ) ORDER BY rand() LIMIT 2   [ RunTime:0.0019s ]
INFO: [ app_end ] --START--
INFO: Run Behavior\ShowPageTraceBehavior [ RunTime:0.000346s ]
INFO: [ app_end ] --END-- [ RunTime:0.000399s ]

[ 2015-04-30T07:48:23+08:00 ] 123.158.69.239 /index.php?s=/PKGame/PKGameApi/newvote
INFO: [ app_init ] --START--
INFO: Run Behavior\BuildLiteBehavior [ RunTime:0.000013s ]
INFO: [ app_init ] --END-- [ RunTime:0.000287s ]
INFO: [ app_begin ] --START--
INFO: Run Behavior\ReadHtmlCacheBehavior [ RunTime:0.000351s ]
INFO: [ app_begin ] --END-- [ RunTime:0.000403s ]
SQL: SHOW COLUMNS FROM `xiaohua_users` [ RunTime:0.0007s ]
SQL: SELECT * FROM `xiaohua_users` WHERE ( sex=0 ) ORDER BY rand() LIMIT 2   [ RunTime:0.0019s ]
INFO: [ app_end ] --START--
INFO: Run Behavior\ShowPageTraceBehavior [ RunTime:0.000386s ]
INFO: [ app_end ] --END-- [ RunTime:0.000446s ]

[ 2015-04-30T07:51:00+08:00 ] 123.158.69.239 /index.php?s=/PKGame/PKGameApi/newvote
INFO: [ app_init ] --START--
INFO: Run Behavior\BuildLiteBehavior [ RunTime:0.000014s ]
INFO: [ app_init ] --END-- [ RunTime:0.000263s ]
INFO: [ app_begin ] --START--
INFO: Run Behavior\ReadHtmlCacheBehavior [ RunTime:0.000347s ]
INFO: [ app_begin ] --END-- [ RunTime:0.000398s ]
SQL: SHOW COLUMNS FROM `xiaohua_users` [ RunTime:0.0007s ]
SQL: SELECT * FROM `xiaohua_users` WHERE ( sex=0 ) ORDER BY rand() LIMIT 2   [ RunTime:0.0021s ]
INFO: [ app_end ] --START--
INFO: Run Behavior\ShowPageTraceBehavior [ RunTime:0.000486s ]
INFO: [ app_end ] --END-- [ RunTime:0.000553s ]

[ 2015-04-30T07:51:12+08:00 ] 123.158.69.239 /index.php?s=/PKGame/PKGameApi/newvote
INFO: [ app_init ] --START--
INFO: Run Behavior\BuildLiteBehavior [ RunTime:0.000013s ]
INFO: [ app_init ] --END-- [ RunTime:0.000302s ]
INFO: [ app_begin ] --START--
INFO: Run Behavior\ReadHtmlCacheBehavior [ RunTime:0.000308s ]
INFO: [ app_begin ] --END-- [ RunTime:0.000361s ]
SQL: SHOW COLUMNS FROM `xiaohua_users` [ RunTime:0.0007s ]
SQL: SELECT * FROM `xiaohua_users` WHERE ( sex=0 ) ORDER BY rand() LIMIT 2   [ RunTime:0.0020s ]
INFO: [ app_end ] --START--
INFO: Run Behavior\ShowPageTraceBehavior [ RunTime:0.000366s ]
INFO: [ app_end ] --END-- [ RunTime:0.000420s ]

[ 2015-04-30T07:51:18+08:00 ] 123.158.69.239 /index.php?s=/PKGame/PKGameApi/newvote
INFO: [ app_init ] --START--
INFO: Run Behavior\BuildLiteBehavior [ RunTime:0.000036s ]
INFO: [ app_init ] --END-- [ RunTime:0.000277s ]
INFO: [ app_begin ] --START--
INFO: Run Behavior\ReadHtmlCacheBehavior [ RunTime:0.000350s ]
INFO: [ app_begin ] --END-- [ RunTime:0.000402s ]
SQL: SHOW COLUMNS FROM `xiaohua_users` [ RunTime:0.0006s ]
SQL: SELECT * FROM `xiaohua_users` WHERE ( sex=0 ) ORDER BY rand() LIMIT 2   [ RunTime:0.0019s ]
INFO: [ app_end ] --START--
INFO: Run Behavior\ShowPageTraceBehavior [ RunTime:0.000344s ]
INFO: [ app_end ] --END-- [ RunTime:0.000397s ]

[ 2015-04-30T07:51:20+08:00 ] 123.158.69.239 /index.php?s=/PKGame/PKGameApi/newvote
INFO: [ app_init ] --START--
INFO: Run Behavior\BuildLiteBehavior [ RunTime:0.000013s ]
INFO: [ app_init ] --END-- [ RunTime:0.000249s ]
INFO: [ app_begin ] --START--
INFO: Run Behavior\ReadHtmlCacheBehavior [ RunTime:0.000355s ]
INFO: [ app_begin ] --END-- [ RunTime:0.000406s ]
SQL: SHOW COLUMNS FROM `xiaohua_users` [ RunTime:0.0007s ]
SQL: SELECT * FROM `xiaohua_users` WHERE ( sex=0 ) ORDER BY rand() LIMIT 2   [ RunTime:0.0019s ]
INFO: [ app_end ] --START--
INFO: Run Behavior\ShowPageTraceBehavior [ RunTime:0.000337s ]
INFO: [ app_end ] --END-- [ RunTime:0.000411s ]

[ 2015-04-30T07:53:30+08:00 ] 123.158.69.239 /index.php?s=/PKGame/PKGameApi/newvote
INFO: [ app_init ] --START--
INFO: Run Behavior\BuildLiteBehavior [ RunTime:0.000014s ]
INFO: [ app_init ] --END-- [ RunTime:0.000301s ]
INFO: [ app_begin ] --START--
INFO: Run Behavior\ReadHtmlCacheBehavior [ RunTime:0.000361s ]
INFO: [ app_begin ] --END-- [ RunTime:0.000413s ]
SQL: SHOW COLUMNS FROM `xiaohua_users` [ RunTime:0.0007s ]
SQL: SELECT * FROM `xiaohua_users` WHERE ( sex=0 ) ORDER BY rand() LIMIT 2   [ RunTime:0.0019s ]
INFO: [ app_end ] --START--
INFO: Run Behavior\ShowPageTraceBehavior [ RunTime:0.000379s ]
INFO: [ app_end ] --END-- [ RunTime:0.000431s ]

